<?xml version="1.0" encoding="UTF-8"?>
<!-- Generated by org.testng.reporters.JUnitReportReporter -->
<testsuite hostname="svenkat" name="FoodScripts.TestFoodCreate" tests="1" failures="0" timestamp="3 Dec 2012 12:02:21 GMT" time="10.449" errors="0">
  <testcase name="testCreateFood" time="10.449" classname="FoodScripts.TestFoodCreate"/>
</testsuite> <!-- FoodScripts.TestFoodCreate -->
