<?xml version="1.0" encoding="UTF-8"?>
<!-- Generated by org.testng.reporters.JUnitReportReporter -->
<testsuite hostname="svenkat" name="FoodScripts.Tester" tests="1" failures="0" timestamp="7 Nov 2012 15:55:47 GMT" time="0.016" errors="0">
  <testcase name="abc" time="0.016" classname="FoodScripts.Tester"/>
</testsuite> <!-- FoodScripts.Tester -->
