<?xml version="1.0" encoding="UTF-8"?>
<!-- Generated by org.testng.reporters.JUnitReportReporter -->
<testsuite hostname="svenkat" name="FoodScripts.TestSelectFoodAndVerifyDetails" tests="1" failures="0" timestamp="16 Nov 2012 11:40:10 GMT" time="5.542" errors="0">
  <testcase name="testSelectCreatedFoodAndVerifyDetails" time="5.542" classname="FoodScripts.TestSelectFoodAndVerifyDetails"/>
</testsuite> <!-- FoodScripts.TestSelectFoodAndVerifyDetails -->
