<?xml version="1.0" encoding="UTF-8"?>
<!-- Generated by org.testng.reporters.JUnitReportReporter -->
<testsuite hostname="svenkat" name="Food.FoodCreate" tests="1" failures="0" timestamp="19 Oct 2012 07:53:31 GMT" time="0.031" errors="0">
  <testcase name="get" time="0.031" classname="Food.FoodCreate"/>
</testsuite>
