<?xml version="1.0" encoding="UTF-8"?>
<!-- Generated by org.testng.reporters.JUnitReportReporter -->
<testsuite hostname="svenkat" name="FoodScripts.TestFoodDeducedMeasureUnits" tests="1" failures="0" timestamp="3 Dec 2012 12:02:21 GMT" time="10.915" errors="0">
  <testcase name="testCupAsPmuDashAsAmu" time="10.915" classname="FoodScripts.TestFoodDeducedMeasureUnits"/>
</testsuite> <!-- FoodScripts.TestFoodDeducedMeasureUnits -->
