<?xml version="1.0" encoding="UTF-8"?>
<!-- Generated by org.testng.reporters.JUnitReportReporter -->
<testsuite hostname="svenkat" name="Base.Call" tests="1" failures="0" timestamp="17 Nov 2012 15:46:07 GMT" time="7.318" errors="0">
  <testcase name="testTestNGProgramatically" time="7.318" classname="Base.Call"/>
</testsuite> <!-- Base.Call -->
