<?xml version="1.0" encoding="UTF-8"?>
<!-- Generated by org.testng.reporters.JUnitReportReporter -->
<testsuite hostname="svenkat" name="FoodScripts.TestClass" tests="1" failures="0" timestamp="3 Dec 2012 11:28:04 GMT" time="0.010" errors="0">
  <testcase name="abc" time="0.010" classname="FoodScripts.TestClass"/>
</testsuite> <!-- FoodScripts.TestClass -->
