<?xml version="1.0" encoding="UTF-8"?>
<!-- Generated by org.testng.reporters.JUnitReportReporter -->
<testsuite hostname="svenkat" name="FoodScripts.TestFoodEdit" tests="1" failures="0" timestamp="3 Dec 2012 12:02:21 GMT" time="13.768" errors="0">
  <testcase name="testEditFoodScreen" time="13.768" classname="FoodScripts.TestFoodEdit"/>
</testsuite> <!-- FoodScripts.TestFoodEdit -->
