<?xml version="1.0" encoding="UTF-8"?>
<!-- Generated by org.testng.reporters.JUnitReportReporter -->
<testsuite hostname="svenkat" name="FoodScripts.TestFoodSuperAdmin" tests="1" failures="0" timestamp="3 Dec 2012 12:02:21 GMT" time="13.374" errors="0">
  <testcase name="testSuperAdmin" time="13.374" classname="FoodScripts.TestFoodSuperAdmin"/>
</testsuite> <!-- FoodScripts.TestFoodSuperAdmin -->
